[debug] [2023-10-29T21:44:39.646Z] ----------------------------------------------------------------------
[debug] [2023-10-29T21:44:39.649Z] Command:       C:\Program Files\nodejs\node.exe C:\Program Files\nodejs\node_modules\firebase-tools\lib\bin\firebase.js deploy
[debug] [2023-10-29T21:44:39.649Z] CLI Version:   12.4.2
[debug] [2023-10-29T21:44:39.650Z] Platform:      win32
[debug] [2023-10-29T21:44:39.650Z] Node Version:  v18.16.0
[debug] [2023-10-29T21:44:39.651Z] Time:          Mon Oct 30 2023 03:14:39 GMT+0530 (India Standard Time)
[debug] [2023-10-29T21:44:39.651Z] ----------------------------------------------------------------------
[debug] 
[debug] [2023-10-29T21:44:39.761Z] > command requires scopes: ["email","openid","https://www.googleapis.com/auth/cloudplatformprojects.readonly","https://www.googleapis.com/auth/firebase","https://www.googleapis.com/auth/cloud-platform"]
[debug] [2023-10-29T21:44:39.763Z] > authorizing via signed-in user (atharvavani110@gmail.com)
[debug] [2023-10-29T21:44:39.763Z] [iam] checking project devfest-2022-web for permissions ["firebase.projects.get","firebasehosting.sites.update"]
[debug] [2023-10-29T21:44:39.767Z] >>> [apiv2][query] POST https://cloudresourcemanager.googleapis.com/v1/projects/devfest-2022-web:testIamPermissions [none]
[debug] [2023-10-29T21:44:39.767Z] >>> [apiv2][(partial)header] POST https://cloudresourcemanager.googleapis.com/v1/projects/devfest-2022-web:testIamPermissions x-goog-quota-user=projects/devfest-2022-web
[debug] [2023-10-29T21:44:39.767Z] >>> [apiv2][body] POST https://cloudresourcemanager.googleapis.com/v1/projects/devfest-2022-web:testIamPermissions {"permissions":["firebase.projects.get","firebasehosting.sites.update"]}
[debug] [2023-10-29T21:44:41.551Z] <<< [apiv2][status] POST https://cloudresourcemanager.googleapis.com/v1/projects/devfest-2022-web:testIamPermissions 200
[debug] [2023-10-29T21:44:41.552Z] <<< [apiv2][body] POST https://cloudresourcemanager.googleapis.com/v1/projects/devfest-2022-web:testIamPermissions {}
[debug] [2023-10-29T21:44:41.553Z] [iam] error while checking permissions, command may fail: FirebaseError: Authorization failed. This account is missing the following required permissions on project devfest-2022-web:

  firebase.projects.get
  firebasehosting.sites.update
[debug] [2023-10-29T21:44:41.554Z] >>> [apiv2][query] GET https://firebase.googleapis.com/v1beta1/projects/devfest-2022-web [none]
[debug] [2023-10-29T21:44:42.301Z] <<< [apiv2][status] GET https://firebase.googleapis.com/v1beta1/projects/devfest-2022-web 403
[debug] [2023-10-29T21:44:42.302Z] <<< [apiv2][body] GET https://firebase.googleapis.com/v1beta1/projects/devfest-2022-web {"error":{"code":403,"message":"The caller does not have permission","status":"PERMISSION_DENIED"}}
[debug] [2023-10-29T21:44:42.303Z] HTTP Error: 403, The caller does not have permission
[debug] [2023-10-29T21:44:42.539Z] FirebaseError: HTTP Error: 403, The caller does not have permission
    at responseToError (C:\Users\hp\AppData\Roaming\nvm\v18.16.0\node_modules\firebase-tools\lib\responseToError.js:49:12)
    at RetryOperation._fn (C:\Users\hp\AppData\Roaming\nvm\v18.16.0\node_modules\firebase-tools\lib\apiv2.js:288:77)
    at process.processTicksAndRejections (node:internal/process/task_queues:95:5)
[error] 
[error] Error: Failed to get Firebase project devfest-2022-web. Please make sure the project exists and your account has permission to access it.
[debug] [2023-10-29T21:44:52.985Z] ----------------------------------------------------------------------
[debug] [2023-10-29T21:44:52.988Z] Command:       C:\Program Files\nodejs\node.exe C:\Program Files\nodejs\node_modules\firebase-tools\lib\bin\firebase.js init
[debug] [2023-10-29T21:44:52.989Z] CLI Version:   12.4.2
[debug] [2023-10-29T21:44:52.989Z] Platform:      win32
[debug] [2023-10-29T21:44:52.990Z] Node Version:  v18.16.0
[debug] [2023-10-29T21:44:52.991Z] Time:          Mon Oct 30 2023 03:14:52 GMT+0530 (India Standard Time)
[debug] [2023-10-29T21:44:52.991Z] ----------------------------------------------------------------------
[debug] 
[debug] [2023-10-29T21:44:53.100Z] > command requires scopes: ["email","openid","https://www.googleapis.com/auth/cloudplatformprojects.readonly","https://www.googleapis.com/auth/firebase","https://www.googleapis.com/auth/cloud-platform"]
[debug] [2023-10-29T21:44:53.101Z] > authorizing via signed-in user (atharvavani110@gmail.com)
[info] 
     ######## #### ########  ######## ########     ###     ######  ########
     ##        ##  ##     ## ##       ##     ##  ##   ##  ##       ##
     ######    ##  ########  ######   ########  #########  ######  ######
     ##        ##  ##    ##  ##       ##     ## ##     ##       ## ##
     ##       #### ##     ## ######## ########  ##     ##  ######  ########

You're about to initialize a Firebase project in this directory:

  G:\Communities\GDG INDORE\Websites\devfest-indore-2023

Before we get started, keep in mind:

  * You are initializing within an existing Firebase project directory

[debug] [2023-10-29T21:46:04.579Z] ----------------------------------------------------------------------
[debug] [2023-10-29T21:46:04.581Z] Command:       C:\Program Files\nodejs\node.exe C:\Program Files\nodejs\node_modules\firebase-tools\lib\bin\firebase.js deploy
[debug] [2023-10-29T21:46:04.582Z] CLI Version:   12.4.2
[debug] [2023-10-29T21:46:04.582Z] Platform:      win32
[debug] [2023-10-29T21:46:04.583Z] Node Version:  v18.16.0
[debug] [2023-10-29T21:46:04.584Z] Time:          Mon Oct 30 2023 03:16:04 GMT+0530 (India Standard Time)
[debug] [2023-10-29T21:46:04.584Z] ----------------------------------------------------------------------
[debug] 
[debug] [2023-10-29T21:46:04.692Z] > command requires scopes: ["email","openid","https://www.googleapis.com/auth/cloudplatformprojects.readonly","https://www.googleapis.com/auth/firebase","https://www.googleapis.com/auth/cloud-platform"]
[debug] [2023-10-29T21:46:04.693Z] > authorizing via signed-in user (atharvavani110@gmail.com)
[debug] [2023-10-29T21:46:04.693Z] [iam] checking project devfest-2022-web for permissions ["firebase.projects.get","firebasehosting.sites.update"]
[debug] [2023-10-29T21:46:04.697Z] >>> [apiv2][query] POST https://cloudresourcemanager.googleapis.com/v1/projects/devfest-2022-web:testIamPermissions [none]
[debug] [2023-10-29T21:46:04.697Z] >>> [apiv2][(partial)header] POST https://cloudresourcemanager.googleapis.com/v1/projects/devfest-2022-web:testIamPermissions x-goog-quota-user=projects/devfest-2022-web
[debug] [2023-10-29T21:46:04.698Z] >>> [apiv2][body] POST https://cloudresourcemanager.googleapis.com/v1/projects/devfest-2022-web:testIamPermissions {"permissions":["firebase.projects.get","firebasehosting.sites.update"]}
[debug] [2023-10-29T21:46:06.868Z] <<< [apiv2][status] POST https://cloudresourcemanager.googleapis.com/v1/projects/devfest-2022-web:testIamPermissions 200
[debug] [2023-10-29T21:46:06.869Z] <<< [apiv2][body] POST https://cloudresourcemanager.googleapis.com/v1/projects/devfest-2022-web:testIamPermissions {}
[debug] [2023-10-29T21:46:06.869Z] [iam] error while checking permissions, command may fail: FirebaseError: Authorization failed. This account is missing the following required permissions on project devfest-2022-web:

  firebase.projects.get
  firebasehosting.sites.update
[debug] [2023-10-29T21:46:06.870Z] >>> [apiv2][query] GET https://firebase.googleapis.com/v1beta1/projects/devfest-2022-web [none]
[debug] [2023-10-29T21:46:07.964Z] <<< [apiv2][status] GET https://firebase.googleapis.com/v1beta1/projects/devfest-2022-web 403
[debug] [2023-10-29T21:46:07.965Z] <<< [apiv2][body] GET https://firebase.googleapis.com/v1beta1/projects/devfest-2022-web {"error":{"code":403,"message":"The caller does not have permission","status":"PERMISSION_DENIED"}}
[debug] [2023-10-29T21:46:07.966Z] HTTP Error: 403, The caller does not have permission
[debug] [2023-10-29T21:46:08.671Z] FirebaseError: HTTP Error: 403, The caller does not have permission
    at responseToError (C:\Users\hp\AppData\Roaming\nvm\v18.16.0\node_modules\firebase-tools\lib\responseToError.js:49:12)
    at RetryOperation._fn (C:\Users\hp\AppData\Roaming\nvm\v18.16.0\node_modules\firebase-tools\lib\apiv2.js:288:77)
    at process.processTicksAndRejections (node:internal/process/task_queues:95:5)
[error] 
[error] Error: Failed to get Firebase project devfest-2022-web. Please make sure the project exists and your account has permission to access it.
